开始抽取全部卷册...
开始抽取 mao-volume-01，共 18 篇文章
[1/18] 正在抽取人物实体: mao-volume-01-article-001 - 中国社会各阶级的分析
  抽取到 1 个人物实体
[2/18] 正在抽取人物实体: mao-volume-01-article-002 - 湖南农民运动考察报告
  抽取到 4 个人物实体
[3/18] 正在抽取人物实体: mao-volume-01-article-003 - 中国的红色政权为什么能够存在？
  抽取到 8 个人物实体
[4/18] 正在抽取人物实体: mao-volume-01-article-004 - 井冈山的斗争
  抽取到 28 个人物实体
[5/18] 正在抽取人物实体: mao-volume-01-article-005 - 关于纠正党内的错误思想
  抽取到 0 个人物实体
[6/18] 正在抽取人物实体: mao-volume-01-article-006 - 星星之火，可以燎原
  抽取到 4 个人物实体
[7/18] 正在抽取人物实体: mao-volume-01-article-007 - 反对本本主义
  抽取到 3 个人物实体
[8/18] 正在抽取人物实体: mao-volume-01-article-008 - 必须注意经济工作
  抽取到 0 个人物实体
[9/18] 正在抽取人物实体: mao-volume-01-article-009 - 怎样分析农村阶级
  抽取到 0 个人物实体
[10/18] 正在抽取人物实体: mao-volume-01-article-010 - 我们的经济政策
  抽取到 1 个人物实体
[11/18] 正在抽取人物实体: mao-volume-01-article-011 - 关心群众生活，注意工作方法
  抽取到 3 个人物实体
[12/18] 正在抽取人物实体: mao-volume-01-article-012 - 论反对日本帝国主义的策略
  抽取到 11 个人物实体
[13/18] 正在抽取人物实体: mao-volume-01-article-013 - 中国革命战争的战略问题
  抽取到 2 个人物实体
[14/18] 正在抽取人物实体: mao-volume-01-article-014 - 关于蒋介石声明的声明
  抽取到 6 个人物实体
[15/18] 正在抽取人物实体: mao-volume-01-article-015 - 党关于建立抗日民族统一战线和准备重新建立国共合作的政策。以下是这封信的主要部分：“贵党二中全会所说的‘集中统一’，实在未免本末倒置。须知十年以来的内战和不统一，完全是因为贵党和贵党政府依赖帝国主义的误国政策，尤其是‘九一八’以来一贯的不抵抗政策造成的。在贵党和贵党政府‘攘外必先安内’的口号之下，进行了连年不绝的内战，举行了无数次对于红军的围攻，不遗余力地镇压了全国人民的爱国运动和民主运动。直至最近，还是放弃东北和华北不顾，忘记日本帝国主义是中国的最大敌人，而把一切力量反对红军和从事贵党自己营垒之间的内争，用一切力量拦阻红军的抗日去路，捣乱红军的抗日后方，漠视全国人民的抗日要求，剥夺全国人民的自由权利。爱国有罪，冤狱遍于国中；卖国有赏，汉奸弹冠相庆。以这种错误政策来求集中和统一，真是缘木求鱼，适得其反。我们现在正告诸位先生，如果你们不根本改变自己的错误方针，如果不把仇恨之心放到日本帝国主义身上去，而依旧放在自己同胞身上的话，那末你们即欲勉强维持现状，也是不可能的，集中统一以及所谓‘现代国家’的说法，更是完全的空谈。全国人民现在所要的是抗日救国的集中统一，而不是媚外残民的集中统一。全国人民现在热烈要求一个真正救国救民的政府，要求一个真正的民主共和国。全国人民要求一个为他们自己谋利益的民主共和政府。这个政府的主要纲领，必须：第一，是能够抵抗外侮的。第二，是能够给予人民以民主权利的。第三，是能够发展国民经济，减轻以至免除人民生活上的痛苦的。如果要说‘现代国家’，这些纲领才是殖民地和半殖民地的中国在现时代所真正要求的。全国人民现在正以热烈的愿望和坚毅的决心，为着实现这样的目标而斗争。而贵党和贵党政府的政策，则与此种全国人民的愿望背道而驰，以此而求人民的信任，是决不可能的。中国共产党和中国红军，今特郑重宣言：我们赞助建立全中国统一的民主共和国，赞助召集由普选权选举出来的国会，拥护全国人民和抗日军队的抗日救国代表大会，拥护全国统一的国防政府。我们宣布：全中国统一的民主共和国建立之时，红色区域即可成为全中国统一的民主共和国的一个组成部分，红色区域人民的代表，将参加全中国的国会，并在红色区域实行和全中国一样的民主制度。我们认为贵党二中全会所决定组织的国防会议，以及贵党和贵党政府正在召集中的国民大会，是不能完成集中统一抗日救亡的任务的。依照贵党二中全会所通过的国防会议条例看来，则国防会议的组织，只限于贵党和贵党政府当权执政的少数官员；国防会议的任务，是仅充贵党政府的咨询机关。这种会议之不能有任何的成就和不能取得人民的任何信任，是十分明显的。而诸位先生所要召集的国民大会，依据贵党政府所通过的《中华民国宪法草案》和《国民大会组织法及代表选举法》看来，也同样地不能有什么成就和不能得到人民的信任，因为这种国民大会仅仅是贵党和贵党政府少数官员们所操纵的机关，是这些官员们的附属品和装饰品。这样的国防会议和国民大会，同本党所主张的全国抗日救国代表大会（即国防会议），中华民主共和国和它的国会，是没有丝毫相同之点的。我们认为抗日救国的国防会议，必须吸收各党各派各界各武装队伍的代表，构成真正能够决定抗日救国大计的权力机关，并从这一会议中产生全国统一的国防政府。而国民大会也必须是全国人民普选出来的国会，是中华民主共和国的最高权力机关。只有这样的国防会议和全国国会，才能是全国人民所欢迎、拥护和参加的，才能把救国救民的伟大事业，放在坚固不拔的基础之上。否则任何好听的名词，均决然无补实际，决然不为全国人民所同意。贵党和贵党政府历来所召集的各种会议的失败，就是最好的明证。贵党二中全会宣言又说：‘险阻之来，本可意计，断不因国事之艰虞，而自懈其应尽之职责。’‘本党对于国家兴亡，必当尽其心思才力，贯彻始终。’诚然，贵党是中国最大部分领土中的统治的政党，一切过去实施的政治责任，不能不由贵党负担。在一党专政的国民党政府之下，国民党决不能逃避其责任。尤其是九一八事变以来，贵党违背全国民意，违背全民族利益，执行了绝对错误的政策，得到了丧失几乎半个中国的结果，这个责任是绝对不能推诿于任何别人的。在我们和全国人民看来，半个中国由贵党而沦亡，决不能不课督贵党以恢复领土主权的责任。同时，贵党中许多有良心的分子，现在也确然憬悟于亡国的可怕和民意的不可侮，而开始了新的转变，开始了对于自己党中祸党祸国分子的愤怒和不满。中国共产党完全同情于这种新的转变，热烈地欢迎这些有爱国心的有良心的中国国民党党员的志气和觉悟，欢迎他们在民族危亡面前愿意牺牲奋斗和勇于革新的精神。我们知道，在贵党中央和各省党部中，中央和各省政府中，在教育界，在科学界，在艺术界，在新闻界，在实业界，在妇女界，在宗教界，在医药界，在警察界，在各种民众团体，尤其在广大的军队、国民党的新旧党员和各级领袖中，实在有很多觉悟和爱国的人士，并且这样的人还在日益增加着，这是非常可喜的现象。中国共产党随时准备着和这些国民党人携手，组织坚固的民族统一战线，去反对全民族的最大敌人——日本帝国主义。我们希望这些国民党员能够在国民党中迅速形成一种支配的势力，去压倒那些不顾民族利益，实际成为日本帝国主义代理人，实际成为亲日汉奸的最坏和最可耻的国民党员——那些侮辱孙中山先生的国民党员，恢复孙中山先生革命的三民主义精神，重振孙中山先生的联俄联共和扶助农工的三大政策，把自己的‘心思才力’去‘贯彻’革命的三民主义和三大政策的‘始终’，‘贯彻’孙中山先生革命遗嘱的‘始终’。我们希望他们和全国各党各派各界爱国领袖和爱国人民一道，坚决地担负继承孙中山先生革命事业的责任，坚决地为驱逐日本帝国主义、挽救中国于危亡而斗争，为全国人民的民主权利而斗争，为发展中国国民经济解除最大多数人民的痛苦而斗争，为实现中华民主共和国及其民主国会民主政府而斗争。中国共产党向一切中国国民党人宣言：假如你们真正这样干的时候，我们坚决地赞助你们，我们愿意同你们结成一个坚固的革命的统一战线，如像一九二四年至一九二七年中国伟大的革命时期两党结成反对民族压迫和封建压迫的伟大的统一战线一样，因为这是今日救亡图存的唯一正确的道路。”中国共产党在抗日时期的任务
  抽取到 4 个人物实体
[16/18] 正在抽取人物实体: mao-volume-01-article-016 - 为争取千百万群众进入抗日民族统一战线而斗争
  抽取到 5 个人物实体
[17/18] 正在抽取人物实体: mao-volume-01-article-017 - 论认识和实践的关系——知和行的关系
  抽取到 4 个人物实体
[18/18] 正在抽取人物实体: mao-volume-01-article-018 - 矛盾论
  抽取到 6 个人物实体
mao-volume-01 完成

开始抽取 mao-volume-02，共 41 篇文章
[1/41] 正在抽取人物实体: mao-volume-02-article-001 - 反对日本进攻的方针、办法和前途
  抽取到 4 个人物实体
[2/41] 正在抽取人物实体: mao-volume-02-article-002 - 为动员一切力量争取抗战胜利而斗争
  抽取到 2 个人物实体
[3/41] 正在抽取人物实体: mao-volume-02-article-003 - 反对自由主义
  抽取到 0 个人物实体
[4/41] 正在抽取人物实体: mao-volume-02-article-004 - 国共合作成立后的迫切任务
  抽取到 3 个人物实体
[5/41] 正在抽取人物实体: mao-volume-02-article-005 - 和英国记者贝特兰的谈话
  抽取到 3 个人物实体
[6/41] 正在抽取人物实体: mao-volume-02-article-006 - 上海太原失陷以后抗日战争的形势和任务
  抽取到 4 个人物实体
[7/41] 正在抽取人物实体: mao-volume-02-article-007 - 陕甘宁边区政府、第八路军后方留守处布告
  抽取到 0 个人物实体
[8/41] 正在抽取人物实体: mao-volume-02-article-008 - 抗日游击战争的战略问题
  抽取到 5 个人物实体
[9/41] 正在抽取人物实体: mao-volume-02-article-009 - 论持久战
  抽取到 2 个人物实体
[10/41] 正在抽取人物实体: mao-volume-02-article-010 - 中国共产党在民族战争中的地位
  抽取到 1 个人物实体
[11/41] 正在抽取人物实体: mao-volume-02-article-011 - 统一战线中的独立自主问题
  抽取到 6 个人物实体
[12/41] 正在抽取人物实体: mao-volume-02-article-012 - 战争和战略问题
  抽取到 2 个人物实体
[13/41] 正在抽取人物实体: mao-volume-02-article-013 - 对于中国共产党，在帝国主义没有武装进攻的时候，或者是和资产阶级一道，进行反对军阀（帝国主义的走狗）的国内战争，例如一九二四年至一九二七年的广东战争〔2〕和北伐战争；或者是联合农民和城市小资产阶级，进行反对地主阶级和买办资产阶级（同样是帝国主义的走狗）的国内战争，例如一九二七年至一九三六年的土地革命战争。在帝国主义举行武装进攻的时候，则是联合国内一切反对外国侵略者的阶级和阶层，进行对外的民族战争，例如现在的抗日战争。错误：JSON 解析失败: Unterminated string starting at: line 57 column 32 (char 7093)
  抽取失败
错误：JSON 解析失败: Unterminated string starting at: line 138 column 32 (char 7994)
  抽取失败
错误：JSON 解析失败: Expecting value: line 1 column 1 (char 0)
  抽取失败
错误：JSON 解析失败: Unterminated string starting at: line 141 column 32 (char 8712)
  抽取失败

  抽取到 8 个人物实体
[14/41] 正在抽取人物实体: mao-volume-02-article-014 - 五四运动
  抽取到 0 个人物实体
[15/41] 正在抽取人物实体: mao-volume-02-article-015 - 青年运动的方向
  抽取到 5 个人物实体
[16/41] 正在抽取人物实体: mao-volume-02-article-016 - 反对投降活动
  抽取到 1 个人物实体
[17/41] 正在抽取人物实体: mao-volume-02-article-017 - 必须制裁反动派
  抽取到 3 个人物实体
[18/41] 正在抽取人物实体: mao-volume-02-article-018 - 关于国际新形势对新华日报〔1〕记者的谈话
  抽取到 3 个人物实体
[19/41] 正在抽取人物实体: mao-volume-02-article-019 - 和中央社、扫荡报、新民报〔1〕三记者的谈话
  抽取到 10 个人物实体
[20/41] 正在抽取人物实体: mao-volume-02-article-020 - 苏联利益和人类利益的一致
  抽取到 4 个人物实体
[21/41] 正在抽取人物实体: mao-volume-02-article-021 - 《共产党人》发刊词
  抽取到 2 个人物实体
[22/41] 正在抽取人物实体: mao-volume-02-article-022 - 目前形势和党的任务
  抽取到 2 个人物实体
[23/41] 正在抽取人物实体: mao-volume-02-article-023 - 大量吸收知识分子
  抽取到 1 个人物实体
[24/41] 正在抽取人物实体: mao-volume-02-article-024 - 中国革命和中国共产党
  抽取到 13 个人物实体
[25/41] 正在抽取人物实体: mao-volume-02-article-025 - 斯大林是中国人民的朋友
  抽取到 2 个人物实体
[26/41] 正在抽取人物实体: mao-volume-02-article-026 - 纪念白求恩
  抽取到 2 个人物实体
[27/41] 正在抽取人物实体: mao-volume-02-article-027 - 新民主主义论
  抽取到 3 个人物实体
[28/41] 正在抽取人物实体: mao-volume-02-article-028 - 克服投降危险，力争时局好转
  抽取到 2 个人物实体
[29/41] 正在抽取人物实体: mao-volume-02-article-029 - 团结一切抗日力量，反对反共顽固派
  抽取到 6 个人物实体
[30/41] 正在抽取人物实体: mao-volume-02-article-030 - 向国民党的十点要求
  抽取到 11 个人物实体
[31/41] 正在抽取人物实体: mao-volume-02-article-031 - 《中国工人》发刊词
  抽取到 1 个人物实体
[32/41] 正在抽取人物实体: mao-volume-02-article-032 - 必须强调团结和进步
  抽取到 1 个人物实体
[33/41] 正在抽取人物实体: mao-volume-02-article-033 - 新民主主义的宪政
  抽取到 9 个人物实体
[34/41] 正在抽取人物实体: mao-volume-02-article-034 - 抗日根据地的政权问题
  抽取到 0 个人物实体
[35/41] 正在抽取人物实体: mao-volume-02-article-035 - 目前抗日统一战线中的策略问题
  抽取到 1 个人物实体
[36/41] 正在抽取人物实体: mao-volume-02-article-036 - 放手发展抗日力量，抵抗反共顽固派的进攻
  抽取到 11 个人物实体
[37/41] 正在抽取人物实体: mao-volume-02-article-037 - 团结到底
  抽取到 0 个人物实体
[38/41] 正在抽取人物实体: mao-volume-02-article-038 - 论政策
[39/41] 正在抽取人物实体: mao-volume-02-article-039 - 为皖南事变发表的命令和谈话
[40/41] 正在抽取人物实体: mao-volume-02-article-040 - 打退第二次反共高潮后的时局
  抽取到 2 个人物实体
[41/41] 正在抽取人物实体: mao-volume-02-article-041 - 关于打退第二次反共高潮的总结
  抽取到 3 个人物实体
mao-volume-02 完成

开始抽取 mao-volume-03，共 37 篇文章
[1/37] 正在抽取人物实体: mao-volume-03-article-001 - 序
  抽取到 1 个人物实体
[2/37] 正在抽取人物实体: mao-volume-03-article-002 - 跋
  抽取到 1 个人物实体
[3/37] 正在抽取人物实体: mao-volume-03-article-003 - 改造我们的学习
  抽取到 4 个人物实体
[4/37] 正在抽取人物实体: mao-volume-03-article-004 - 揭破远东慕尼黑的阴谋
  抽取到 1 个人物实体
[5/37] 正在抽取人物实体: mao-volume-03-article-005 - 关于反法西斯的国际统一战线
  抽取到 1 个人物实体
[6/37] 正在抽取人物实体: mao-volume-03-article-006 - 在陕甘宁边区参议会的演说
  抽取到 1 个人物实体
[7/37] 正在抽取人物实体: mao-volume-03-article-007 - 整顿党的作风
  抽取到 4 个人物实体
[8/37] 正在抽取人物实体: mao-volume-03-article-008 - 反对党八股
  抽取到 4 个人物实体
[9/37] 正在抽取人物实体: mao-volume-03-article-009 - 在延安文艺座谈会上的讲话
[10/37] 正在抽取人物实体: mao-volume-03-article-010 - 引言
  抽取到 1 个人物实体
[11/37] 正在抽取人物实体: mao-volume-03-article-011 - 结论
  抽取到 5 个人物实体
[12/37] 正在抽取人物实体: mao-volume-03-article-012 - 一个极其重要的政策
  抽取到 3 个人物实体
[13/37] 正在抽取人物实体: mao-volume-03-article-013 - 一段题为《黔之驴》，说：“黔无驴，有好事者船载以入。至则无可用，放之山下。虎见之，庞然大物也，以为神，蔽林间窥之。稍出近之，慭慭然，莫相知。他日，驴一鸣，虎大骇，远遁；以为且噬己也，甚恐。然往来视之，觉无异能者；益习其声，又近出前后，终不敢搏。稍近，益狎，荡倚冲冒。驴不胜怒，蹄之。虎因喜，计之曰：‘技止此耳！’因跳踉大?，断其喉，尽其肉，乃去。”第二次世界大战的转折点
  抽取到 4 个人物实体
[14/37] 正在抽取人物实体: mao-volume-03-article-014 - 祝十月革命二十五周年
  抽取到 1 个人物实体
[15/37] 正在抽取人物实体: mao-volume-03-article-015 - 抗日时期的经济问题和财政问题
  抽取到 1 个人物实体
[16/37] 正在抽取人物实体: mao-volume-03-article-016 - 关于领导方法的若干问题
  抽取到 2 个人物实体
[17/37] 正在抽取人物实体: mao-volume-03-article-017 - 质问国民党
  抽取到 9 个人物实体
[18/37] 正在抽取人物实体: mao-volume-03-article-018 - 开展根据地的减租、生产和拥政爱民运动
  抽取到 1 个人物实体
[19/37] 正在抽取人物实体: mao-volume-03-article-019 - 评国民党十一中全会和三届二次国民参政会
[20/37] Traceback (most recent call last):
  File "D:\cursor\260407mao\scripts\extract_entities.py", line 317, in <module>
    main()
    ~~~~^^
  File "D:\cursor\260407mao\scripts\extract_entities.py", line 310, in main
    extract_all()
    ~~~~~~~~~~~^^
  File "D:\cursor\260407mao\scripts\extract_entities.py", line 292, in extract_all
    extract_volume(volume_id)
    ~~~~~~~~~~~~~~^^^^^^^^^^^
  File "D:\cursor\260407mao\scripts\extract_entities.py", line 279, in extract_volume
    extract_article(article['article_id'])
    ~~~~~~~~~~~~~~~^^^^^^^^^^^^^^^^^^^^^^^
  File "D:\cursor\260407mao\scripts\extract_entities.py", line 246, in extract_article
    content = load_article_content(article)
  File "D:\cursor\260407mao\scripts\extract_entities.py", line 125, in load_article_content
    start = article['content_lines']['start']
            ~~~~~~~~~~~~~~~~~~~~~~~~^^^^^^^^^
TypeError: 'NoneType' object is not subscriptable
